[16/Feb/2020:10:24:40] (ℹ️): WordPress Instance Info:
[16/Feb/2020:10:24:40] (ℹ️): Home URL : http://ireki.violette-danjou.com
[16/Feb/2020:10:24:40] (ℹ️): Site URL : http://ireki.violette-danjou.com
[16/Feb/2020:10:24:40] (ℹ️): WordPress Version : 5.3.2
[16/Feb/2020:10:24:40] (ℹ️): Onboarding Version : 1.7.12
[16/Feb/2020:10:24:40] (ℹ️): Multisite : No
[16/Feb/2020:10:24:40] (ℹ️): Server Info : Apache
[16/Feb/2020:10:24:40] (ℹ️): PHP Version : 7.3.14
[16/Feb/2020:10:24:40] (ℹ️): HTTPS : No
[16/Feb/2020:10:24:40] (ℹ️): PHP Max Execution Time : 30
[16/Feb/2020:10:24:40] (ℹ️): PHP Max Input Vars : 1000
[16/Feb/2020:10:24:40] (ℹ️): Max Upload Size : 67108864
[16/Feb/2020:10:24:40] (ℹ️): Plugins:
[16/Feb/2020:10:24:40] (ℹ️): [PLUGIN] Alfred, the Assistant : v5.4.4 (1&amp;1 IONOS)
[16/Feb/2020:10:24:40] (ℹ️): [PLUGIN] Caldera Forms : v1.8.10 (Caldera Labs)
[16/Feb/2020:10:24:40] (ℹ️): [PLUGIN] Child Theme Generator : v2.2.5 (Serafino Corriero)
[16/Feb/2020:10:24:40] (ℹ️): [PLUGIN] Cookie Notice : v1.2.50 (dFactory)
[16/Feb/2020:10:24:40] (ℹ️): [PLUGIN] Events Manager : v5.9.7.3 (Marcus Sykes)
[16/Feb/2020:10:24:40] (ℹ️): [PLUGIN] UpdraftPlus - Sauvegarde/Restauration : v1.16.21 (UpdraftPlus.Com, DavidAnderson)
[16/Feb/2020:10:24:40] (ℹ️): [PLUGIN] Yoast SEO : v13.0 (L’équipe Yoast)
[16/Feb/2020:10:24:40] (ℹ️): [PLUGIN] Colibri Page Builder : v1.0.165 (ExtendThemes)
